[www.bleibtgleich.com/index.html]
[backblue.gif]
[fade.gif]
[index.html]
[cdn.prod.website-files.com/6794efe7ddde9f4bb0184488/css/dev-bleibtgleich.webflow.shared.3fa1a0b17.min.css]
[cdn.prod.website-files.com/6794efe7ddde9f4bb0184488/67a3f5a4da3a13effb9bceb9_d-favicon.png]
[cdn.prod.website-files.com/6794efe7ddde9f4bb0184488/67a3f5a76713092ec5a0b1cf_webclip.png]
[cdn.jsdelivr.net/npm/three-js@79.0.0/three.min.js]
[cdnjs.cloudflare.com/ajax/libs/gsap/3.12.2/gsap.min.js]
[cdnjs.cloudflare.com/ajax/libs/gsap/3.12.2/ScrollTrigger.min.js]
[cdn.prod.website-files.com/6794efe7ddde9f4bb0184488/67b4e5326d075e225ae1d414_05.jpg]
[cdn.prod.website-files.com/6794efe7ddde9f4bb0184488/67b4e53205a82bdefaf89d94_04.jpg]
[cdn.prod.website-files.com/6794efe7ddde9f4bb0184488/67b4e531dfff170b20b8c68c_03.jpg]
[cdn.prod.website-files.com/6794efe7ddde9f4bb0184488/67b4e531472fb09c0dc203d8_01.jpg]
[cdn.prod.website-files.com/6794efe7ddde9f4bb0184488/67b4e531d6475429db400808_02.jpg]
[cdn.prod.website-files.com/6794efe7ddde9f4bb0184488/67b4e5317d87896a87963f58_10.jpg]
[cdn.prod.website-files.com/6794efe7ddde9f4bb0184488/67b4e53105a82bdefaf89d05_08.jpg]
[cdn.prod.website-files.com/6794efe7ddde9f4bb0184488/67b4e5316d075e225ae1d32c_09.jpg]
[cdn.prod.website-files.com/6794efe7ddde9f4bb0184488/67b4e531eae61c8447e47d13_07.jpg]
[www.bleibtgleich.com/about.html]
[cdn.prod.website-files.com/6794efe7ddde9f4bb0184488/67b9d7c4b75110aad50f7a77_my-vision-bg-u.png]
[cdn.prod.website-files.com/6794efe7ddde9f4bb0184488/67ace0bfbd68dad37cd3c97a_portfolio.png]
[cdn.prod.website-files.com/6794efe7ddde9f4bb0184488/67ae388dc06cbc0a80638ea4_project-insta-gallery.png]
[cdn.prod.website-files.com/6794efe7ddde9f4bb0184488/67ace083567d5c9930252bae_encrypted.png]
[d3e54v103j8qbb.cloudfront.net/js/jquery-3.5.1.min.dc5e7f18c83b94.js]
[cdn.prod.website-files.com/6794efe7ddde9f4bb0184488/js/webflow.schunk.4a394eb5af8156f2.js]
[cdn.prod.website-files.com/6794efe7ddde9f4bb0184488/js/webflow.schunk.3bf3c06809a02500.js]
[cdn.prod.website-files.com/6794efe7ddde9f4bb0184488/js/webflow.9d429cd0.3e664c3710453dcd.js]
[cdn.jsdelivr.net/gh/studio-freight/lenis@0.2.28/bundled/lenis.js]
[cdn.socket.io/4.5.4/socket.io.min.js]
[www.bleibtgleich.com/index.html]
[cdn.prod.website-files.com/6794efe7ddde9f4bb0184488/67a3f59b883cfd327ee24f6f_l-favicon.png]
[cdn.prod.website-files.com/6794efe7ddde9f4bb0184488/css/dev-bleibtgleich.webflow.shared.3fa1a0b17.min.css]
[cdn.prod.website-files.com/6794efe7ddde9f4bb0184488/679aa8b3eb373655dffb8923_about-me.png]
[cdn.prod.website-files.com/6794efe7ddde9f4bb0184488/680cc4890d334e9bea9ef140_bleibtgleich'25-certificate-awwwards-sotd.png]
[cdn.prod.website-files.com/6794efe7ddde9f4bb0184488/680cc4888d32b6ad76449e8e_bleibtgleich'25-certificate-awwwards-dotd.png]
[cdn.prod.website-files.com/6794efe7ddde9f4bb0184488/680cc4885120df33e1954894_ae44a505ebf586a6965fec7ec234cdd5_bleibtgleich'25-certificate-awwards-th.png]
[cdn.prod.website-files.com/6794efe7ddde9f4bb0184488/680cc4888021e647f3f22931_58e0211dbf29d6d0c72222f48a8362d0_bleibtgleich'25-certificate-awwards-ph.png]
[cdn.prod.website-files.com/6794efe7ddde9f4bb0184488/680cc488d81697df3fb94391_e9da6e01026a401a47e53701f530988e_bleibtgleich'25-certificate-cssw-sotd.png]
[cdn.prod.website-files.com/6794efe7ddde9f4bb0184488/680cc4897698371510c410f7_87609af00c15549687a6477869e64af2_bleibtgleich'25-certificate-cssda-wotd.png]
[www.bleibtgleich.com/about.html]
